2022/02/14 05:23:50 [error] [exception.CHttpException.404] CHttpException: Unable to resolve the request "ActualizarUsuarios/admin". in C:\xampp\htdocs\yii\framework\web\CWebApplication.php:286
Stack trace:
#0 C:\xampp\htdocs\yii\framework\web\CWebApplication.php(141): CWebApplication->runController('ActualizarUsuar...')
#1 C:\xampp\htdocs\yii\framework\base\CApplication.php(185): CWebApplication->processRequest()
#2 C:\xampp\htdocs\consultorio\index.php(13): CApplication->run()
#3 {main}
REQUEST_URI=/consultorio/index.php?r=ActualizarUsuarios/admin
HTTP_REFERER=http://localhost/consultorio/index.php
---
2022/02/14 05:24:01 [error] [exception.CHttpException.404] CHttpException: Unable to resolve the request "ActualizarUsuarios/admin". in C:\xampp\htdocs\yii\framework\web\CWebApplication.php:286
Stack trace:
#0 C:\xampp\htdocs\yii\framework\web\CWebApplication.php(141): CWebApplication->runController('ActualizarUsuar...')
#1 C:\xampp\htdocs\yii\framework\base\CApplication.php(185): CWebApplication->processRequest()
#2 C:\xampp\htdocs\consultorio\index.php(13): CApplication->run()
#3 {main}
REQUEST_URI=/consultorio/index.php?r=ActualizarUsuarios/admin
HTTP_REFERER=http://localhost/consultorio/index.php
---
2022/02/14 05:24:03 [error] [exception.CHttpException.404] CHttpException: Unable to resolve the request "ActualizarUsuarios/admin". in C:\xampp\htdocs\yii\framework\web\CWebApplication.php:286
Stack trace:
#0 C:\xampp\htdocs\yii\framework\web\CWebApplication.php(141): CWebApplication->runController('ActualizarUsuar...')
#1 C:\xampp\htdocs\yii\framework\base\CApplication.php(185): CWebApplication->processRequest()
#2 C:\xampp\htdocs\consultorio\index.php(13): CApplication->run()
#3 {main}
REQUEST_URI=/consultorio/index.php?r=ActualizarUsuarios/admin
HTTP_REFERER=http://localhost/consultorio/index.php
---
2022/02/14 05:24:07 [error] [exception.CHttpException.404] CHttpException: Unable to resolve the request "actualizarUsuarios/admin". in C:\xampp\htdocs\yii\framework\web\CWebApplication.php:286
Stack trace:
#0 C:\xampp\htdocs\yii\framework\web\CWebApplication.php(141): CWebApplication->runController('actualizarUsuar...')
#1 C:\xampp\htdocs\yii\framework\base\CApplication.php(185): CWebApplication->processRequest()
#2 C:\xampp\htdocs\consultorio\index.php(13): CApplication->run()
#3 {main}
REQUEST_URI=/consultorio/index.php?r=actualizarUsuarios/admin
HTTP_REFERER=http://localhost/consultorio/index.php
---
2022/02/14 05:24:17 [error] [exception.CHttpException.404] CHttpException: Unable to resolve the request "actualizarUsuarios/admin". in C:\xampp\htdocs\yii\framework\web\CWebApplication.php:286
Stack trace:
#0 C:\xampp\htdocs\yii\framework\web\CWebApplication.php(141): CWebApplication->runController('actualizarUsuar...')
#1 C:\xampp\htdocs\yii\framework\base\CApplication.php(185): CWebApplication->processRequest()
#2 C:\xampp\htdocs\consultorio\index.php(13): CApplication->run()
#3 {main}
REQUEST_URI=/consultorio/index.php?r=actualizarUsuarios/admin
HTTP_REFERER=http://localhost/consultorio/index.php
---
2022/02/14 05:26:06 [error] [exception.CException] CException: Property "TbMenu.0" is not defined. in C:\xampp\htdocs\yii\framework\base\CComponent.php:173
Stack trace:
#0 C:\xampp\htdocs\yii\framework\web\CWidgetFactory.php(161): CComponent->__set('0', Array)
#1 C:\xampp\htdocs\yii\framework\web\CBaseController.php(146): CWidgetFactory->createWidget(Object(ActualizarUsuarioController), 'TbMenu', Array)
#2 C:\xampp\htdocs\yii\framework\web\CBaseController.php(181): CBaseController->createWidget('bootstrap.widge...', Array)
#3 C:\xampp\htdocs\consultorio\protected\views\layouts\main.php(113): CBaseController->widget('bootstrap.widge...', Array)
#4 C:\xampp\htdocs\yii\framework\web\CBaseController.php(126): require('C:\\xampp\\htdocs...')
#5 C:\xampp\htdocs\yii\framework\web\CBaseController.php(95): CBaseController->renderInternal('C:\\xampp\\htdocs...', Array, true)
#6 C:\xampp\htdocs\yii\framework\web\widgets\CContentDecorator.php(76): CBaseController->renderFile('C:\\xampp\\htdocs...', Array, true)
#7 C:\xampp\htdocs\yii\framework\web\widgets\CContentDecorator.php(54): CContentDecorator->decorate('<div class="spa...')
#8 C:\xampp\htdocs\yii\framework\web\widgets\COutputProcessor.php(44): CContentDecorator->processOutput('<div class="spa...')
#9 C:\xampp\htdocs\yii\framework\web\CBaseController.php(215): COutputProcessor->run()
#10 C:\xampp\htdocs\yii\framework\web\CBaseController.php(309): CBaseController->endWidget('CContentDecorat...')
#11 C:\xampp\htdocs\consultorio\protected\views\layouts\column2.php(22): CBaseController->endContent()
#12 C:\xampp\htdocs\yii\framework\web\CBaseController.php(126): require('C:\\xampp\\htdocs...')
#13 C:\xampp\htdocs\yii\framework\web\CBaseController.php(95): CBaseController->renderInternal('C:\\xampp\\htdocs...', Array, true)
#14 C:\xampp\htdocs\yii\framework\web\CController.php(787): CBaseController->renderFile('C:\\xampp\\htdocs...', Array, true)
#15 C:\xampp\htdocs\consultorio\protected\controllers\ActualizarUsuarioController.php(153): CController->render('admin', Array)
#16 C:\xampp\htdocs\yii\framework\web\actions\CInlineAction.php(49): ActualizarUsuarioController->actionAdmin()
#17 C:\xampp\htdocs\yii\framework\web\CController.php(308): CInlineAction->runWithParams(Array)
#18 C:\xampp\htdocs\yii\framework\web\filters\CFilterChain.php(134): CController->runAction(Object(CInlineAction))
#19 C:\xampp\htdocs\yii\framework\web\filters\CFilter.php(40): CFilterChain->run()
#20 C:\xampp\htdocs\yii\framework\web\CController.php(1148): CFilter->filter(Object(CFilterChain))
#21 C:\xampp\htdocs\yii\framework\web\filters\CInlineFilter.php(58): CController->filterAccessControl(Object(CFilterChain))
#22 C:\xampp\htdocs\yii\framework\web\filters\CFilterChain.php(131): CInlineFilter->filter(Object(CFilterChain))
#23 C:\xampp\htdocs\yii\framework\web\CController.php(291): CFilterChain->run()
#24 C:\xampp\htdocs\yii\framework\web\CController.php(265): CController->runActionWithFilters(Object(CInlineAction), Array)
#25 C:\xampp\htdocs\yii\framework\web\CWebApplication.php(282): CController->run('admin')
#26 C:\xampp\htdocs\yii\framework\web\CWebApplication.php(141): CWebApplication->runController('actualizarUsuar...')
#27 C:\xampp\htdocs\yii\framework\base\CApplication.php(185): CWebApplication->processRequest()
#28 C:\xampp\htdocs\consultorio\index.php(13): CApplication->run()
#29 {main}
REQUEST_URI=/consultorio/index.php?r=actualizarUsuario/admin
HTTP_REFERER=http://localhost/consultorio/index.php
---
2022/02/14 05:29:11 [error] [exception.CHttpException.403] CHttpException: You are not authorized to perform this action. in C:\xampp\htdocs\yii\framework\web\auth\CAccessControlFilter.php:183
Stack trace:
#0 C:\xampp\htdocs\yii\framework\web\auth\CAccessControlFilter.php(145): CAccessControlFilter->accessDenied(Object(CWebUser), 'You are not aut...')
#1 C:\xampp\htdocs\yii\framework\web\filters\CFilter.php(38): CAccessControlFilter->preFilter(Object(CFilterChain))
#2 C:\xampp\htdocs\yii\framework\web\CController.php(1148): CFilter->filter(Object(CFilterChain))
#3 C:\xampp\htdocs\yii\framework\web\filters\CInlineFilter.php(58): CController->filterAccessControl(Object(CFilterChain))
#4 C:\xampp\htdocs\yii\framework\web\filters\CFilterChain.php(131): CInlineFilter->filter(Object(CFilterChain))
#5 C:\xampp\htdocs\yii\framework\web\CController.php(291): CFilterChain->run()
#6 C:\xampp\htdocs\yii\framework\web\CController.php(265): CController->runActionWithFilters(Object(CInlineAction), Array)
#7 C:\xampp\htdocs\yii\framework\web\CWebApplication.php(282): CController->run('admin')
#8 C:\xampp\htdocs\yii\framework\web\CWebApplication.php(141): CWebApplication->runController('solicitudesreci...')
#9 C:\xampp\htdocs\yii\framework\base\CApplication.php(185): CWebApplication->processRequest()
#10 C:\xampp\htdocs\consultorio\index.php(13): CApplication->run()
#11 {main}
REQUEST_URI=/consultorio/index.php?r=solicitudesrecibidas/admin
HTTP_REFERER=http://localhost/consultorio/index.php?r=solicitudesrecibidas/index
---
2022/02/14 05:44:29 [error] [php] reset() expects parameter 1 to be array, int given (C:\xampp\htdocs\yii\framework\gii\components\Pear\Text\Diff\Engine\native.php:196)
Stack trace:
#0 C:\xampp\htdocs\yii\framework\gii\components\Pear\Text\Diff\Engine\native.php(88): Text_Diff_Engine_native->_compareseq()
#1 C:\xampp\htdocs\yii\framework\gii\components\Pear\Text\Diff.php(56): Text_Diff_Engine_native->diff()
#2 C:\xampp\htdocs\yii\framework\gii\components\Pear\Text\Diff\Renderer\inline.php(136): Text_Diff->__construct()
#3 C:\xampp\htdocs\yii\framework\gii\components\Pear\Text\Diff\Renderer.php(165): Text_Diff_Renderer_inline->_changed()
#4 C:\xampp\htdocs\yii\framework\gii\components\Pear\Text\Diff\Renderer.php(138): Text_Diff_Renderer_inline->_block()
#5 C:\xampp\htdocs\yii\framework\gii\components\TextDiff.php(20): Text_Diff_Renderer_inline->render()
#6 C:\xampp\htdocs\yii\framework\gii\CCodeGenerator.php(109): compare()
#7 C:\xampp\htdocs\yii\framework\web\actions\CInlineAction.php(49): ModelGenerator->actionDiff()
#8 C:\xampp\htdocs\yii\framework\web\CController.php(308): CInlineAction->runWithParams()
#9 C:\xampp\htdocs\yii\framework\web\CController.php(286): ModelGenerator->runAction()
#10 C:\xampp\htdocs\yii\framework\web\CController.php(265): ModelGenerator->runActionWithFilters()
#11 C:\xampp\htdocs\yii\framework\web\CWebApplication.php(282): ModelGenerator->run()
#12 C:\xampp\htdocs\yii\framework\web\CWebApplication.php(141): CWebApplication->runController()
#13 C:\xampp\htdocs\yii\framework\base\CApplication.php(185): CWebApplication->processRequest()
#14 C:\xampp\htdocs\consultorio\index.php(13): CWebApplication->run()
REQUEST_URI=/consultorio/index.php?r=gii/model/diff&id=0
in C:\xampp\htdocs\consultorio\index.php (13)
2022/02/14 05:47:48 [error] [exception.CHttpException.403] CHttpException: You are not authorized to perform this action. in C:\xampp\htdocs\yii\framework\web\auth\CAccessControlFilter.php:183
Stack trace:
#0 C:\xampp\htdocs\yii\framework\web\auth\CAccessControlFilter.php(145): CAccessControlFilter->accessDenied(Object(CWebUser), 'You are not aut...')
#1 C:\xampp\htdocs\yii\framework\web\filters\CFilter.php(38): CAccessControlFilter->preFilter(Object(CFilterChain))
#2 C:\xampp\htdocs\yii\framework\web\CController.php(1148): CFilter->filter(Object(CFilterChain))
#3 C:\xampp\htdocs\yii\framework\web\filters\CInlineFilter.php(58): CController->filterAccessControl(Object(CFilterChain))
#4 C:\xampp\htdocs\yii\framework\web\filters\CFilterChain.php(131): CInlineFilter->filter(Object(CFilterChain))
#5 C:\xampp\htdocs\yii\framework\web\CController.php(291): CFilterChain->run()
#6 C:\xampp\htdocs\yii\framework\web\CController.php(265): CController->runActionWithFilters(Object(CInlineAction), Array)
#7 C:\xampp\htdocs\yii\framework\web\CWebApplication.php(282): CController->run('admin')
#8 C:\xampp\htdocs\yii\framework\web\CWebApplication.php(141): CWebApplication->runController('recetas/admin')
#9 C:\xampp\htdocs\yii\framework\base\CApplication.php(185): CWebApplication->processRequest()
#10 C:\xampp\htdocs\consultorio\index.php(13): CApplication->run()
#11 {main}
REQUEST_URI=/consultorio/index.php?r=recetas/admin
HTTP_REFERER=http://localhost/consultorio/index.php?r=recetas/index
---
2022/02/14 05:48:08 [error] [exception.CHttpException.403] CHttpException: You are not authorized to perform this action. in C:\xampp\htdocs\yii\framework\web\auth\CAccessControlFilter.php:183
Stack trace:
#0 C:\xampp\htdocs\yii\framework\web\auth\CAccessControlFilter.php(145): CAccessControlFilter->accessDenied(Object(CWebUser), 'You are not aut...')
#1 C:\xampp\htdocs\yii\framework\web\filters\CFilter.php(38): CAccessControlFilter->preFilter(Object(CFilterChain))
#2 C:\xampp\htdocs\yii\framework\web\CController.php(1148): CFilter->filter(Object(CFilterChain))
#3 C:\xampp\htdocs\yii\framework\web\filters\CInlineFilter.php(58): CController->filterAccessControl(Object(CFilterChain))
#4 C:\xampp\htdocs\yii\framework\web\filters\CFilterChain.php(131): CInlineFilter->filter(Object(CFilterChain))
#5 C:\xampp\htdocs\yii\framework\web\CController.php(291): CFilterChain->run()
#6 C:\xampp\htdocs\yii\framework\web\CController.php(265): CController->runActionWithFilters(Object(CInlineAction), Array)
#7 C:\xampp\htdocs\yii\framework\web\CWebApplication.php(282): CController->run('admin')
#8 C:\xampp\htdocs\yii\framework\web\CWebApplication.php(141): CWebApplication->runController('imagenes/admin')
#9 C:\xampp\htdocs\yii\framework\base\CApplication.php(185): CWebApplication->processRequest()
#10 C:\xampp\htdocs\consultorio\index.php(13): CApplication->run()
#11 {main}
REQUEST_URI=/consultorio/index.php?r=imagenes/admin
HTTP_REFERER=http://localhost/consultorio/index.php?r=imagenes/index
---
2022/02/14 05:48:26 [error] [exception.CHttpException.403] CHttpException: You are not authorized to perform this action. in C:\xampp\htdocs\yii\framework\web\auth\CAccessControlFilter.php:183
Stack trace:
#0 C:\xampp\htdocs\yii\framework\web\auth\CAccessControlFilter.php(145): CAccessControlFilter->accessDenied(Object(CWebUser), 'You are not aut...')
#1 C:\xampp\htdocs\yii\framework\web\filters\CFilter.php(38): CAccessControlFilter->preFilter(Object(CFilterChain))
#2 C:\xampp\htdocs\yii\framework\web\CController.php(1148): CFilter->filter(Object(CFilterChain))
#3 C:\xampp\htdocs\yii\framework\web\filters\CInlineFilter.php(58): CController->filterAccessControl(Object(CFilterChain))
#4 C:\xampp\htdocs\yii\framework\web\filters\CFilterChain.php(131): CInlineFilter->filter(Object(CFilterChain))
#5 C:\xampp\htdocs\yii\framework\web\CController.php(291): CFilterChain->run()
#6 C:\xampp\htdocs\yii\framework\web\CController.php(265): CController->runActionWithFilters(Object(CInlineAction), Array)
#7 C:\xampp\htdocs\yii\framework\web\CWebApplication.php(282): CController->run('admin')
#8 C:\xampp\htdocs\yii\framework\web\CWebApplication.php(141): CWebApplication->runController('laboratorio/adm...')
#9 C:\xampp\htdocs\yii\framework\base\CApplication.php(185): CWebApplication->processRequest()
#10 C:\xampp\htdocs\consultorio\index.php(13): CApplication->run()
#11 {main}
REQUEST_URI=/consultorio/index.php?r=laboratorio/admin
HTTP_REFERER=http://localhost/consultorio/index.php?r=laboratorio/index
---
2022/02/14 05:48:41 [error] [exception.CHttpException.403] CHttpException: You are not authorized to perform this action. in C:\xampp\htdocs\yii\framework\web\auth\CAccessControlFilter.php:183
Stack trace:
#0 C:\xampp\htdocs\yii\framework\web\auth\CAccessControlFilter.php(145): CAccessControlFilter->accessDenied(Object(CWebUser), 'You are not aut...')
#1 C:\xampp\htdocs\yii\framework\web\filters\CFilter.php(38): CAccessControlFilter->preFilter(Object(CFilterChain))
#2 C:\xampp\htdocs\yii\framework\web\CController.php(1148): CFilter->filter(Object(CFilterChain))
#3 C:\xampp\htdocs\yii\framework\web\filters\CInlineFilter.php(58): CController->filterAccessControl(Object(CFilterChain))
#4 C:\xampp\htdocs\yii\framework\web\filters\CFilterChain.php(131): CInlineFilter->filter(Object(CFilterChain))
#5 C:\xampp\htdocs\yii\framework\web\CController.php(291): CFilterChain->run()
#6 C:\xampp\htdocs\yii\framework\web\CController.php(265): CController->runActionWithFilters(Object(CInlineAction), Array)
#7 C:\xampp\htdocs\yii\framework\web\CWebApplication.php(282): CController->run('admin')
#8 C:\xampp\htdocs\yii\framework\web\CWebApplication.php(141): CWebApplication->runController('certificados/ad...')
#9 C:\xampp\htdocs\yii\framework\base\CApplication.php(185): CWebApplication->processRequest()
#10 C:\xampp\htdocs\consultorio\index.php(13): CApplication->run()
#11 {main}
REQUEST_URI=/consultorio/index.php?r=certificados/admin
HTTP_REFERER=http://localhost/consultorio/index.php?r=certificados/index
---
